<?xml version="1.0" encoding="UTF-8"?>
<testng-results skipped="0" failed="0" ignored="0" total="4" passed="4">
  <reporter-output>
  </reporter-output>
  <suite name="Default suite" duration-ms="21473" started-at="2023-04-03T15:08:19Z" finished-at="2023-04-03T15:08:41Z">
    <groups>
    </groups>
    <test name="Default test" duration-ms="21473" started-at="2023-04-03T15:08:19Z" finished-at="2023-04-03T15:08:41Z">
      <class name="playwrightproject.assignment">
        <test-method status="PASS" signature="lanuch()[pri:0, instance:playwrightproject.assignment@65d6b83b]" name="lanuch" is-config="true" duration-ms="4789" started-at="2023-04-03T15:08:19Z" finished-at="2023-04-03T15:08:24Z">
          <reporter-output>
          </reporter-output>
        </test-method> <!-- lanuch -->
        <test-method status="PASS" signature="create()[pri:1, instance:playwrightproject.assignment@65d6b83b]" name="create" duration-ms="6866" started-at="2023-04-03T15:08:24Z" finished-at="2023-04-03T15:08:31Z">
          <reporter-output>
          </reporter-output>
        </test-method> <!-- create -->
        <test-method status="PASS" signature="Read()[pri:2, instance:playwrightproject.assignment@65d6b83b]" name="Read" duration-ms="3085" started-at="2023-04-03T15:08:31Z" finished-at="2023-04-03T15:08:34Z">
          <reporter-output>
          </reporter-output>
        </test-method> <!-- Read -->
        <test-method status="PASS" signature="update()[pri:3, instance:playwrightproject.assignment@65d6b83b]" name="update" duration-ms="3412" started-at="2023-04-03T15:08:34Z" finished-at="2023-04-03T15:08:37Z">
          <reporter-output>
          </reporter-output>
        </test-method> <!-- update -->
        <test-method status="PASS" signature="delete()[pri:4, instance:playwrightproject.assignment@65d6b83b]" name="delete" duration-ms="3277" started-at="2023-04-03T15:08:37Z" finished-at="2023-04-03T15:08:41Z">
          <reporter-output>
          </reporter-output>
        </test-method> <!-- delete -->
        <test-method status="PASS" signature="teardown()[pri:0, instance:playwrightproject.assignment@65d6b83b]" name="teardown" is-config="true" duration-ms="11" started-at="2023-04-03T15:08:41Z" finished-at="2023-04-03T15:08:41Z">
          <reporter-output>
          </reporter-output>
        </test-method> <!-- teardown -->
      </class> <!-- playwrightproject.assignment -->
    </test> <!-- Default test -->
  </suite> <!-- Default suite -->
</testng-results>
